#
# There is insufficient memory for the Java Runtime Environment to continue.
# Native memory allocation (malloc) failed to allocate 613776 bytes for Chunk::new
# Possible reasons:
#   The system is out of physical RAM or swap space
#   The process is running with CompressedOops enabled, and the Java Heap may be blocking the growth of the native heap
# Possible solutions:
#   Reduce memory load on the system
#   Increase physical memory or swap space
#   Check if swap backing store is full
#   Decrease Java heap size (-Xmx/-Xms)
#   Decrease number of Java threads
#   Decrease Java thread stack sizes (-Xss)
#   Set larger code cache with -XX:ReservedCodeCacheSize=
#   JVM is running with Unscaled Compressed Oops mode in which the Java heap is
#     placed in the first 4GB address space. The Java Heap base address is the
#     maximum limit for the native heap growth. Please use -XX:HeapBaseMinAddress
#     to set the Java Heap base and to place the Java Heap above 4GB virtual address.
# This output file may be truncated or incomplete.
#
#  Out of Memory Error (arena.cpp:184), pid=728, tid=2480
#
# JRE version: Java(TM) SE Runtime Environment (19.0+36) (build 19+36-2238)
# Java VM: Java HotSpot(TM) 64-Bit Server VM (19+36-2238, mixed mode, sharing, tiered, compressed oops, compressed class ptrs, g1 gc, windows-amd64)
# No core dump will be written. Minidumps are not enabled by default on client versions of Windows
#

---------------  S U M M A R Y ------------

Command Line: -Dmaven.multiModuleProjectDirectory=C:\Users\inter\Desktop\Back\M2IPROJECT-master -Djansi.passthrough=true -Dmaven.home=C:\Users\inter\.m2\wrapper\dists\apache-maven-3.8.6-bin\1ks0nkde5v1pk9vtc31i9d0lcd\apache-maven-3.8.6 -Dclassworlds.conf=C:\Users\inter\.m2\wrapper\dists\apache-maven-3.8.6-bin\1ks0nkde5v1pk9vtc31i9d0lcd\apache-maven-3.8.6\bin\m2.conf -Dmaven.ext.class.path=C:\Program Files\JetBrains\IntelliJ IDEA 2023.3.2\plugins\maven\lib\maven-event-listener.jar -javaagent:C:\Program Files\JetBrains\IntelliJ IDEA 2023.3.2\lib\idea_rt.jar=64414:C:\Program Files\JetBrains\IntelliJ IDEA 2023.3.2\bin -Dfile.encoding=UTF-8 -Dsun.stdout.encoding=UTF-8 -Dsun.stderr.encoding=UTF-8 org.codehaus.classworlds.Launcher -Didea.version=2023.3.2 install

Host: AMD Ryzen 3 3200U with Radeon Vega Mobile Gfx  , 4 cores, 5G,  Windows 11 , 64 bit Build 22621 (10.0.22621.2506)
Time: Thu Feb  1 20:34:48 2024 Maroc (heure d64 bit Build 22621 (10.0.22621.2506) elapsed time: 11.648940 seconds (0d 0h 0m 11s)

---------------  T H R E A D  ---------------

Current thread (0x000001c3bd3640d0):  JavaThread "C2 CompilerThread0" daemon [_thread_in_native, id=2480, stack(0x000000258d400000,0x000000258d500000)]


Current CompileTask:
C2:  11649 3464   !   4       org.codehaus.plexus.interpolation.StringSearchInterpolator::interpolate (668 bytes)

Stack: [0x000000258d400000,0x000000258d500000]
Native frames: (J=compiled Java code, j=interpreted, Vv=VM code, C=native code)
V  [jvm.dll+0x6ee8fa]
V  [jvm.dll+0x857a1e]
V  [jvm.dll+0x85940e]
V  [jvm.dll+0x859ac3]
V  [jvm.dll+0x28291f]
V  [jvm.dll+0xc9b5f]
V  [jvm.dll+0xc9ee5]
V  [jvm.dll+0x2f7c6f]
V  [jvm.dll+0x5f0c5b]
V  [jvm.dll+0x254d73]
V  [jvm.dll+0x24d901]
V  [jvm.dll+0x24b563]
V  [jvm.dll+0x1d6d61]
V  [jvm.dll+0x25b0fa]
V  [jvm.dll+0x259588]
V  [jvm.dll+0x807928]
V  [jvm.dll+0x8015fa]
V  [jvm.dll+0x6ed5eb]
C  [ucrtbase.dll+0x29363]
C  [KERNEL32.DLL+0x1257d]
C  [ntdll.dll+0x5aa58]


---------------  P R O C E S S  ---------------

Threads class SMR info:
_java_thread_list=0x000001c3c15ce050, length=14, elements={
0x000001c3a06f21c0, 0x000001c3bd359e10, 0x000001c3bd35aae0, 0x000001c3bd35d7c0,
0x000001c3bd360200, 0x000001c3bd360b30, 0x000001c3bd361460, 0x000001c3bd3640d0,
0x000001c3bd3cdee0, 0x000001c3bd3d94b0, 0x000001c3bd32bce0, 0x000001c3c16d0f10,
0x000001c3c16d1450, 0x000001c3c1f598b0
}

Java Threads: ( => current thread )
  0x000001c3a06f21c0 JavaThread "main" [_thread_in_native, id=4460, stack(0x000000258c700000,0x000000258c800000)]
  0x000001c3bd359e10 JavaThread "Reference Handler" daemon [_thread_blocked, id=23376, stack(0x000000258ce00000,0x000000258cf00000)]
  0x000001c3bd35aae0 JavaThread "Finalizer" daemon [_thread_blocked, id=3196, stack(0x000000258cf00000,0x000000258d000000)]
  0x000001c3bd35d7c0 JavaThread "Signal Dispatcher" daemon [_thread_blocked, id=21664, stack(0x000000258d000000,0x000000258d100000)]
  0x000001c3bd360200 JavaThread "Attach Listener" daemon [_thread_blocked, id=7940, stack(0x000000258d100000,0x000000258d200000)]
  0x000001c3bd360b30 JavaThread "Service Thread" daemon [_thread_blocked, id=24044, stack(0x000000258d200000,0x000000258d300000)]
  0x000001c3bd361460 JavaThread "Monitor Deflation Thread" daemon [_thread_blocked, id=19036, stack(0x000000258d300000,0x000000258d400000)]
=>0x000001c3bd3640d0 JavaThread "C2 CompilerThread0" daemon [_thread_in_native, id=2480, stack(0x000000258d400000,0x000000258d500000)]
  0x000001c3bd3cdee0 JavaThread "C1 CompilerThread0" daemon [_thread_blocked, id=16028, stack(0x000000258d500000,0x000000258d600000)]
  0x000001c3bd3d94b0 JavaThread "Sweeper thread" daemon [_thread_blocked, id=4932, stack(0x000000258d600000,0x000000258d700000)]
  0x000001c3bd32bce0 JavaThread "Common-Cleaner" daemon [_thread_blocked, id=19044, stack(0x000000258d700000,0x000000258d800000)]
  0x000001c3c16d0f10 JavaThread "Monitor Ctrl-Break" daemon [_thread_in_native, id=13372, stack(0x000000258d800000,0x000000258d900000)]
  0x000001c3c16d1450 JavaThread "Notification Thread" daemon [_thread_blocked, id=20036, stack(0x000000258d900000,0x000000258da00000)]
  0x000001c3c1f598b0 JavaThread "C2 CompilerThread1" daemon [_thread_in_native, id=21968, stack(0x000000258de00000,0x000000258df00000)]

Other Threads:
  0x000001c3bd33eec0 VMThread "VM Thread" [stack: 0x000000258cd00000,0x000000258ce00000] [id=17580]
  0x000001c3c16cfad0 WatcherThread "VM Periodic Task Thread" [stack: 0x000000258da00000,0x000000258db00000] [id=16296]
  0x000001c3a0741310 WorkerThread "GC Thread#0" [stack: 0x000000258c800000,0x000000258c900000] [id=2380]
  0x000001c3c1effe30 WorkerThread "GC Thread#1" [stack: 0x000000258db00000,0x000000258dc00000] [id=3756]
  0x000001c3c1f00100 WorkerThread "GC Thread#2" [stack: 0x000000258dc00000,0x000000258dd00000] [id=23040]
  0x000001c3c1a5fb00 WorkerThread "GC Thread#3" [stack: 0x000000258dd00000,0x000000258de00000] [id=24268]
  0x000001c3a074e070 ConcurrentGCThread "G1 Main Marker" [stack: 0x000000258c900000,0x000000258ca00000] [id=1956]
  0x000001c3a074fc50 WorkerThread "G1 Conc#0" [stack: 0x000000258ca00000,0x000000258cb00000] [id=16344]
  0x000001c3bd200090 ConcurrentGCThread "G1 Refine#0" [stack: 0x000000258cb00000,0x000000258cc00000] [id=20268]
  0x000001c3bd200d70 ConcurrentGCThread "G1 Service" [stack: 0x000000258cc00000,0x000000258cd00000] [id=2584]

Threads with active compile tasks:
C2 CompilerThread0    11706 3464   !   4       org.codehaus.plexus.interpolation.StringSearchInterpolator::interpolate (668 bytes)
C2 CompilerThread1    11706 3538       4       org.apache.maven.model.validation.DefaultModelValidator::validateEffectiveDependency (616 bytes)

VM state: not at safepoint (normal execution)

VM Mutex/Monitor currently owned by a thread: None

Heap address: 0x00000000a1000000, size: 1520 MB, Compressed Oops mode: 32-bit

CDS archive(s) mapped at: [0x0000000800000000-0x0000000800c40000-0x0000000800c40000), size 12845056, SharedBaseAddress: 0x0000000800000000, ArchiveRelocationMode: 0.
Compressed class space mapped at: 0x0000000801000000-0x0000000841000000, reserved size: 1073741824
Narrow klass base: 0x0000000800000000, Narrow klass shift: 0, Narrow klass range: 0x100000000

GC Precious Log:
 CardTable entry size: 512
 Card Set container configuration: InlinePtr #cards 5 size 8 Array Of Cards #cards 12 size 40 Howl #buckets 4 coarsen threshold 1843 Howl Bitmap #cards 512 size 80 coarsen threshold 460 Card regions per heap region 1 cards per card region 2048
 CPUs: 4 total, 4 available
 Memory: 6077M
 Large Page Support: Disabled
 NUMA Support: Disabled
 Compressed Oops: Enabled (32-bit)
 Heap Region Size: 1M
 Heap Min Capacity: 8M
 Heap Initial Capacity: 96M
 Heap Max Capacity: 1520M
 Pre-touch: Disabled
 Parallel Workers: 4
 Concurrent Workers: 1
 Concurrent Refinement Workers: 4
 Periodic GC: Disabled

Heap:
 garbage-first heap   total 98304K, used 58797K [0x00000000a1000000, 0x0000000100000000)
  region size 1024K, 55 young (56320K), 3 survivors (3072K)
 Metaspace       used 14101K, committed 14336K, reserved 1114112K
  class space    used 1533K, committed 1664K, reserved 1048576K

Heap Regions: E=young(eden), S=young(survivor), O=old, HS=humongous(starts), HC=humongous(continues), CS=collection set, F=free, OA=open archive, CA=closed archive, TAMS=top-at-mark-start (previous, next)
|   0|0x00000000a1000000, 0x00000000a1100000, 0x00000000a1100000|100%| O|  |TAMS 0x00000000a1000000, 0x00000000a1000000| Untracked 
|   1|0x00000000a1100000, 0x00000000a1200000, 0x00000000a1200000|100%| O|  |TAMS 0x00000000a1100000, 0x00000000a1100000| Untracked 
|   2|0x00000000a1200000, 0x00000000a1300000, 0x00000000a1300000|100%| O|  |TAMS 0x00000000a1200000, 0x00000000a1200000| Untracked 
|   3|0x00000000a1300000, 0x00000000a13e2200, 0x00000000a1400000| 88%| O|  |TAMS 0x00000000a1300000, 0x00000000a1300000| Untracked 
|   4|0x00000000a1400000, 0x00000000a1400000, 0x00000000a1500000|  0%| F|  |TAMS 0x00000000a1400000, 0x00000000a1400000| Untracked 
|   5|0x00000000a1500000, 0x00000000a1500000, 0x00000000a1600000|  0%| F|  |TAMS 0x00000000a1500000, 0x00000000a1500000| Untracked 
|   6|0x00000000a1600000, 0x00000000a1600000, 0x00000000a1700000|  0%| F|  |TAMS 0x00000000a1600000, 0x00000000a1600000| Untracked 
|   7|0x00000000a1700000, 0x00000000a1700000, 0x00000000a1800000|  0%| F|  |TAMS 0x00000000a1700000, 0x00000000a1700000| Untracked 
|   8|0x00000000a1800000, 0x00000000a1800000, 0x00000000a1900000|  0%| F|  |TAMS 0x00000000a1800000, 0x00000000a1800000| Untracked 
|   9|0x00000000a1900000, 0x00000000a1900000, 0x00000000a1a00000|  0%| F|  |TAMS 0x00000000a1900000, 0x00000000a1900000| Untracked 
|  10|0x00000000a1a00000, 0x00000000a1a00000, 0x00000000a1b00000|  0%| F|  |TAMS 0x00000000a1a00000, 0x00000000a1a00000| Untracked 
|  11|0x00000000a1b00000, 0x00000000a1b00000, 0x00000000a1c00000|  0%| F|  |TAMS 0x00000000a1b00000, 0x00000000a1b00000| Untracked 
|  12|0x00000000a1c00000, 0x00000000a1c00000, 0x00000000a1d00000|  0%| F|  |TAMS 0x00000000a1c00000, 0x00000000a1c00000| Untracked 
|  13|0x00000000a1d00000, 0x00000000a1d00000, 0x00000000a1e00000|  0%| F|  |TAMS 0x00000000a1d00000, 0x00000000a1d00000| Untracked 
|  14|0x00000000a1e00000, 0x00000000a1e00000, 0x00000000a1f00000|  0%| F|  |TAMS 0x00000000a1e00000, 0x00000000a1e00000| Untracked 
|  15|0x00000000a1f00000, 0x00000000a1f00000, 0x00000000a2000000|  0%| F|  |TAMS 0x00000000a1f00000, 0x00000000a1f00000| Untracked 
|  16|0x00000000a2000000, 0x00000000a2000000, 0x00000000a2100000|  0%| F|  |TAMS 0x00000000a2000000, 0x00000000a2000000| Untracked 
|  17|0x00000000a2100000, 0x00000000a2100000, 0x00000000a2200000|  0%| F|  |TAMS 0x00000000a2100000, 0x00000000a2100000| Untracked 
|  18|0x00000000a2200000, 0x00000000a2200000, 0x00000000a2300000|  0%| F|  |TAMS 0x00000000a2200000, 0x00000000a2200000| Untracked 
|  19|0x00000000a2300000, 0x00000000a2300000, 0x00000000a2400000|  0%| F|  |TAMS 0x00000000a2300000, 0x00000000a2300000| Untracked 
|  20|0x00000000a2400000, 0x00000000a2400000, 0x00000000a2500000|  0%| F|  |TAMS 0x00000000a2400000, 0x00000000a2400000| Untracked 
|  21|0x00000000a2500000, 0x00000000a2500000, 0x00000000a2600000|  0%| F|  |TAMS 0x00000000a2500000, 0x00000000a2500000| Untracked 
|  22|0x00000000a2600000, 0x00000000a2600000, 0x00000000a2700000|  0%| F|  |TAMS 0x00000000a2600000, 0x00000000a2600000| Untracked 
|  23|0x00000000a2700000, 0x00000000a2700000, 0x00000000a2800000|  0%| F|  |TAMS 0x00000000a2700000, 0x00000000a2700000| Untracked 
|  24|0x00000000a2800000, 0x00000000a2800000, 0x00000000a2900000|  0%| F|  |TAMS 0x00000000a2800000, 0x00000000a2800000| Untracked 
|  25|0x00000000a2900000, 0x00000000a2900000, 0x00000000a2a00000|  0%| F|  |TAMS 0x00000000a2900000, 0x00000000a2900000| Untracked 
|  26|0x00000000a2a00000, 0x00000000a2a00000, 0x00000000a2b00000|  0%| F|  |TAMS 0x00000000a2a00000, 0x00000000a2a00000| Untracked 
|  27|0x00000000a2b00000, 0x00000000a2b00000, 0x00000000a2c00000|  0%| F|  |TAMS 0x00000000a2b00000, 0x00000000a2b00000| Untracked 
|  28|0x00000000a2c00000, 0x00000000a2c00000, 0x00000000a2d00000|  0%| F|  |TAMS 0x00000000a2c00000, 0x00000000a2c00000| Untracked 
|  29|0x00000000a2d00000, 0x00000000a2d00000, 0x00000000a2e00000|  0%| F|  |TAMS 0x00000000a2d00000, 0x00000000a2d00000| Untracked 
|  30|0x00000000a2e00000, 0x00000000a2e00000, 0x00000000a2f00000|  0%| F|  |TAMS 0x00000000a2e00000, 0x00000000a2e00000| Untracked 
|  31|0x00000000a2f00000, 0x00000000a2f00000, 0x00000000a3000000|  0%| F|  |TAMS 0x00000000a2f00000, 0x00000000a2f00000| Untracked 
|  32|0x00000000a3000000, 0x00000000a3000000, 0x00000000a3100000|  0%| F|  |TAMS 0x00000000a3000000, 0x00000000a3000000| Untracked 
|  33|0x00000000a3100000, 0x00000000a3100000, 0x00000000a3200000|  0%| F|  |TAMS 0x00000000a3100000, 0x00000000a3100000| Untracked 
|  34|0x00000000a3200000, 0x00000000a3200000, 0x00000000a3300000|  0%| F|  |TAMS 0x00000000a3200000, 0x00000000a3200000| Untracked 
|  35|0x00000000a3300000, 0x00000000a3300000, 0x00000000a3400000|  0%| F|  |TAMS 0x00000000a3300000, 0x00000000a3300000| Untracked 
|  36|0x00000000a3400000, 0x00000000a3400000, 0x00000000a3500000|  0%| F|  |TAMS 0x00000000a3400000, 0x00000000a3400000| Untracked 
|  37|0x00000000a3500000, 0x00000000a3500000, 0x00000000a3600000|  0%| F|  |TAMS 0x00000000a3500000, 0x00000000a3500000| Untracked 
|  38|0x00000000a3600000, 0x00000000a3600000, 0x00000000a3700000|  0%| F|  |TAMS 0x00000000a3600000, 0x00000000a3600000| Untracked 
|  39|0x00000000a3700000, 0x00000000a3700000, 0x00000000a3800000|  0%| F|  |TAMS 0x00000000a3700000, 0x00000000a3700000| Untracked 
|  40|0x00000000a3800000, 0x00000000a3800000, 0x00000000a3900000|  0%| F|  |TAMS 0x00000000a3800000, 0x00000000a3800000| Untracked 
|  41|0x00000000a3900000, 0x00000000a3a00000, 0x00000000a3a00000|100%| E|  |TAMS 0x00000000a3900000, 0x00000000a3900000| Complete 
|  42|0x00000000a3a00000, 0x00000000a3b00000, 0x00000000a3b00000|100%| E|CS|TAMS 0x00000000a3a00000, 0x00000000a3a00000| Complete 
|  43|0x00000000a3b00000, 0x00000000a3c00000, 0x00000000a3c00000|100%| E|CS|TAMS 0x00000000a3b00000, 0x00000000a3b00000| Complete 
|  44|0x00000000a3c00000, 0x00000000a3d00000, 0x00000000a3d00000|100%| E|CS|TAMS 0x00000000a3c00000, 0x00000000a3c00000| Complete 
|  45|0x00000000a3d00000, 0x00000000a3e00000, 0x00000000a3e00000|100%| E|CS|TAMS 0x00000000a3d00000, 0x00000000a3d00000| Complete 
|  46|0x00000000a3e00000, 0x00000000a3f00000, 0x00000000a3f00000|100%| E|CS|TAMS 0x00000000a3e00000, 0x00000000a3e00000| Complete 
|  47|0x00000000a3f00000, 0x00000000a4000000, 0x00000000a4000000|100%| E|CS|TAMS 0x00000000a3f00000, 0x00000000a3f00000| Complete 
|  48|0x00000000a4000000, 0x00000000a4100000, 0x00000000a4100000|100%| E|CS|TAMS 0x00000000a4000000, 0x00000000a4000000| Complete 
|  49|0x00000000a4100000, 0x00000000a4200000, 0x00000000a4200000|100%| E|CS|TAMS 0x00000000a4100000, 0x00000000a4100000| Complete 
|  50|0x00000000a4200000, 0x00000000a4300000, 0x00000000a4300000|100%| E|CS|TAMS 0x00000000a4200000, 0x00000000a4200000| Complete 
|  51|0x00000000a4300000, 0x00000000a4400000, 0x00000000a4400000|100%| E|CS|TAMS 0x00000000a4300000, 0x00000000a4300000| Complete 
|  52|0x00000000a4400000, 0x00000000a4500000, 0x00000000a4500000|100%| E|CS|TAMS 0x00000000a4400000, 0x00000000a4400000| Complete 
|  53|0x00000000a4500000, 0x00000000a4600000, 0x00000000a4600000|100%| E|CS|TAMS 0x00000000a4500000, 0x00000000a4500000| Complete 
|  54|0x00000000a4600000, 0x00000000a4700000, 0x00000000a4700000|100%| E|CS|TAMS 0x00000000a4600000, 0x00000000a4600000| Complete 
|  55|0x00000000a4700000, 0x00000000a4800000, 0x00000000a4800000|100%| E|CS|TAMS 0x00000000a4700000, 0x00000000a4700000| Complete 
|  56|0x00000000a4800000, 0x00000000a4900000, 0x00000000a4900000|100%| E|CS|TAMS 0x00000000a4800000, 0x00000000a4800000| Complete 
|  57|0x00000000a4900000, 0x00000000a4a00000, 0x00000000a4a00000|100%| E|CS|TAMS 0x00000000a4900000, 0x00000000a4900000| Complete 
|  58|0x00000000a4a00000, 0x00000000a4b00000, 0x00000000a4b00000|100%| E|CS|TAMS 0x00000000a4a00000, 0x00000000a4a00000| Complete 
|  59|0x00000000a4b00000, 0x00000000a4c00000, 0x00000000a4c00000|100%| E|CS|TAMS 0x00000000a4b00000, 0x00000000a4b00000| Complete 
|  60|0x00000000a4c00000, 0x00000000a4d00000, 0x00000000a4d00000|100%| E|CS|TAMS 0x00000000a4c00000, 0x00000000a4c00000| Complete 
|  61|0x00000000a4d00000, 0x00000000a4e00000, 0x00000000a4e00000|100%| E|CS|TAMS 0x00000000a4d00000, 0x00000000a4d00000| Complete 
|  62|0x00000000a4e00000, 0x00000000a4f00000, 0x00000000a4f00000|100%| E|CS|TAMS 0x00000000a4e00000, 0x00000000a4e00000| Complete 
|  63|0x00000000a4f00000, 0x00000000a4f895a0, 0x00000000a5000000| 53%| S|CS|TAMS 0x00000000a4f00000, 0x00000000a4f00000| Complete 
|  64|0x00000000a5000000, 0x00000000a5100000, 0x00000000a5100000|100%| S|CS|TAMS 0x00000000a5000000, 0x00000000a5000000| Complete 
|  65|0x00000000a5100000, 0x00000000a5200000, 0x00000000a5200000|100%| S|CS|TAMS 0x00000000a5100000, 0x00000000a5100000| Complete 
|  66|0x00000000a5200000, 0x00000000a5300000, 0x00000000a5300000|100%| E|CS|TAMS 0x00000000a5200000, 0x00000000a5200000| Complete 
|  67|0x00000000a5300000, 0x00000000a5400000, 0x00000000a5400000|100%| E|CS|TAMS 0x00000000a5300000, 0x00000000a5300000| Complete 
|  68|0x00000000a5400000, 0x00000000a5500000, 0x00000000a5500000|100%| E|CS|TAMS 0x00000000a5400000, 0x00000000a5400000| Complete 
|  69|0x00000000a5500000, 0x00000000a5600000, 0x00000000a5600000|100%| E|CS|TAMS 0x00000000a5500000, 0x00000000a5500000| Complete 
|  70|0x00000000a5600000, 0x00000000a5700000, 0x00000000a5700000|100%| E|CS|TAMS 0x00000000a5600000, 0x00000000a5600000| Complete 
|  71|0x00000000a5700000, 0x00000000a5800000, 0x00000000a5800000|100%| E|CS|TAMS 0x00000000a5700000, 0x00000000a5700000| Complete 
|  72|0x00000000a5800000, 0x00000000a5900000, 0x00000000a5900000|100%| E|CS|TAMS 0x00000000a5800000, 0x00000000a5800000| Complete 
|  73|0x00000000a5900000, 0x00000000a5a00000, 0x00000000a5a00000|100%| E|CS|TAMS 0x00000000a5900000, 0x00000000a5900000| Complete 
|  74|0x00000000a5a00000, 0x00000000a5b00000, 0x00000000a5b00000|100%| E|CS|TAMS 0x00000000a5a00000, 0x00000000a5a00000| Complete 
|  75|0x00000000a5b00000, 0x00000000a5c00000, 0x00000000a5c00000|100%| E|CS|TAMS 0x00000000a5b00000, 0x00000000a5b00000| Complete 
|  76|0x00000000a5c00000, 0x00000000a5d00000, 0x00000000a5d00000|100%| E|CS|TAMS 0x00000000a5c00000, 0x00000000a5c00000| Complete 
|  77|0x00000000a5d00000, 0x00000000a5e00000, 0x00000000a5e00000|100%| E|CS|TAMS 0x00000000a5d00000, 0x00000000a5d00000| Complete 
|  78|0x00000000a5e00000, 0x00000000a5f00000, 0x00000000a5f00000|100%| E|CS|TAMS 0x00000000a5e00000, 0x00000000a5e00000| Complete 
|  79|0x00000000a5f00000, 0x00000000a6000000, 0x00000000a6000000|100%| E|CS|TAMS 0x00000000a5f00000, 0x00000000a5f00000| Complete 
|  80|0x00000000a6000000, 0x00000000a6100000, 0x00000000a6100000|100%| E|CS|TAMS 0x00000000a6000000, 0x00000000a6000000| Complete 
|  81|0x00000000a6100000, 0x00000000a6200000, 0x00000000a6200000|100%| E|CS|TAMS 0x00000000a6100000, 0x00000000a6100000| Complete 
|  82|0x00000000a6200000, 0x00000000a6300000, 0x00000000a6300000|100%| E|CS|TAMS 0x00000000a6200000, 0x00000000a6200000| Complete 
|  83|0x00000000a6300000, 0x00000000a6400000, 0x00000000a6400000|100%| E|CS|TAMS 0x00000000a6300000, 0x00000000a6300000| Complete 
|  84|0x00000000a6400000, 0x00000000a6500000, 0x00000000a6500000|100%| E|CS|TAMS 0x00000000a6400000, 0x00000000a6400000| Complete 
|  85|0x00000000a6500000, 0x00000000a6600000, 0x00000000a6600000|100%| E|CS|TAMS 0x00000000a6500000, 0x00000000a6500000| Complete 
|  86|0x00000000a6600000, 0x00000000a6700000, 0x00000000a6700000|100%| E|CS|TAMS 0x00000000a6600000, 0x00000000a6600000| Complete 
|  87|0x00000000a6700000, 0x00000000a6800000, 0x00000000a6800000|100%| E|CS|TAMS 0x00000000a6700000, 0x00000000a6700000| Complete 
|  88|0x00000000a6800000, 0x00000000a6900000, 0x00000000a6900000|100%| E|CS|TAMS 0x00000000a6800000, 0x00000000a6800000| Complete 
|  89|0x00000000a6900000, 0x00000000a6a00000, 0x00000000a6a00000|100%| E|CS|TAMS 0x00000000a6900000, 0x00000000a6900000| Complete 
|  90|0x00000000a6a00000, 0x00000000a6b00000, 0x00000000a6b00000|100%| E|CS|TAMS 0x00000000a6a00000, 0x00000000a6a00000| Complete 
|  91|0x00000000a6b00000, 0x00000000a6c00000, 0x00000000a6c00000|100%| E|CS|TAMS 0x00000000a6b00000, 0x00000000a6b00000| Complete 
|  92|0x00000000a6c00000, 0x00000000a6d00000, 0x00000000a6d00000|100%| E|CS|TAMS 0x00000000a6c00000, 0x00000000a6c00000| Complete 
|  93|0x00000000a6d00000, 0x00000000a6e00000, 0x00000000a6e00000|100%| E|CS|TAMS 0x00000000a6d00000, 0x00000000a6d00000| Complete 
|  94|0x00000000a6e00000, 0x00000000a6f00000, 0x00000000a6f00000|100%| E|CS|TAMS 0x00000000a6e00000, 0x00000000a6e00000| Complete 
|  95|0x00000000a6f00000, 0x00000000a7000000, 0x00000000a7000000|100%| E|CS|TAMS 0x00000000a6f00000, 0x00000000a6f00000| Complete 

Card table byte_map: [0x000001c3b7940000,0x000001c3b7c40000] _byte_map_base: 0x000001c3b7438000

Marking Bits (Prev, Next): (CMBitMap*) 0x000001c3a0741940, (CMBitMap*) 0x000001c3a0741980
 Prev Bits: [0x000001c3b7f40000, 0x000001c3b9700000)
 Next Bits: [0x000001c3b9700000, 0x000001c3baec0000)

Polling page: 0x000001c39e6e0000

Metaspace:

Usage:
  Non-class:     12.28 MB used.
      Class:      1.50 MB used.
       Both:     13.77 MB used.

Virtual space:
  Non-class space:       64.00 MB reserved,      12.38 MB ( 19%) committed,  1 nodes.
      Class space:        1.00 GB reserved,       1.62 MB ( <1%) committed,  1 nodes.
             Both:        1.06 GB reserved,      14.00 MB (  1%) committed. 

Chunk freelists:
   Non-Class:  3.26 MB
       Class:  2.34 MB
        Both:  5.60 MB

MaxMetaspaceSize: unlimited
CompressedClassSpaceSize: 1.00 GB
Initial GC threshold: 21.00 MB
Current GC threshold: 21.00 MB
CDS: on
MetaspaceReclaimPolicy: balanced
 - commit_granule_bytes: 65536.
 - commit_granule_words: 8192.
 - virtual_space_node_default_size: 8388608.
 - enlarge_chunks_in_place: 1.
 - new_chunks_are_fully_committed: 0.
 - uncommit_free_chunks: 1.
 - use_allocation_guard: 0.


Internal statistics:

num_allocs_failed_limit: 0.
num_arena_births: 264.
num_arena_deaths: 0.
num_vsnodes_births: 2.
num_vsnodes_deaths: 0.
num_space_committed: 224.
num_space_uncommitted: 0.
num_chunks_returned_to_freelist: 0.
num_chunks_taken_from_freelist: 713.
num_chunk_merges: 0.
num_chunk_splits: 507.
num_chunks_enlarged: 375.
num_inconsistent_stats: 0.

CodeHeap 'non-profiled nmethods': size=120000Kb used=1611Kb max_used=1611Kb free=118388Kb
 bounds [0x000001c3b0110000, 0x000001c3b0380000, 0x000001c3b7640000]
CodeHeap 'profiled nmethods': size=120000Kb used=6952Kb max_used=6952Kb free=113047Kb
 bounds [0x000001c3a8640000, 0x000001c3a8d10000, 0x000001c3afb70000]
CodeHeap 'non-nmethods': size=5760Kb used=1276Kb max_used=1309Kb free=4483Kb
 bounds [0x000001c3afb70000, 0x000001c3afde0000, 0x000001c3b0110000]
 total_blobs=4028 nmethods=3539 adapters=399
 compilation: enabled
              stopped_count=0, restarted_count=0
 full_count=0

Compilation events (20 events):
Event: 11.623 Thread 0x000001c3bd3cdee0 nmethod 3497 0x000001c3b029a990 code [0x000001c3b029ab20, 0x000001c3b029abd8]
Event: 11.623 Thread 0x000001c3bd3cdee0 3498       1       org.eclipse.aether.repository.LocalArtifactRequest::getRepositories (5 bytes)
Event: 11.623 Thread 0x000001c3bd3cdee0 nmethod 3498 0x000001c3b029ac90 code [0x000001c3b029ae20, 0x000001c3b029aed8]
Event: 11.623 Thread 0x000001c3bd3cdee0 3499       1       org.eclipse.aether.repository.LocalArtifactResult::getFile (5 bytes)
Event: 11.623 Thread 0x000001c3bd3cdee0 nmethod 3499 0x000001c3b029af90 code [0x000001c3b029b120, 0x000001c3b029b1d8]
Event: 11.623 Thread 0x000001c3bd3cdee0 3500       1       org.eclipse.aether.resolution.ArtifactResult::getRequest (5 bytes)
Event: 11.623 Thread 0x000001c3bd3cdee0 nmethod 3500 0x000001c3b029b290 code [0x000001c3b029b420, 0x000001c3b029b4d8]
Event: 11.625 Thread 0x000001c3bd3cdee0 3501       3       org.codehaus.plexus.util.xml.pull.MXParser::requireInput (106 bytes)
Event: 11.626 Thread 0x000001c3bd3cdee0 nmethod 3501 0x000001c3a8cf0010 code [0x000001c3a8cf02e0, 0x000001c3a8cf0e28]
Event: 11.626 Thread 0x000001c3bd3cdee0 3502       3       org.codehaus.plexus.util.xml.pull.MXParser::parseAttribute (1641 bytes)
Event: 11.630 Thread 0x000001c3c1f598b0 nmethod 3482 0x000001c3b029b590 code [0x000001c3b029b8e0, 0x000001c3b029c398]
Event: 11.630 Thread 0x000001c3c1f598b0 3505   !   4       org.apache.maven.model.Dependency::clone (137 bytes)
Event: 11.633 Thread 0x000001c3bd3cdee0 nmethod 3502 0x000001c3a8cf1310 code [0x000001c3a8cf1c00, 0x000001c3a8cf74f8]
Event: 11.633 Thread 0x000001c3bd3cdee0 3503       1       org.apache.maven.model.Model::setVersion (6 bytes)
Event: 11.633 Thread 0x000001c3bd3cdee0 nmethod 3503 0x000001c3b029ce90 code [0x000001c3b029d020, 0x000001c3b029d138]
Event: 11.633 Thread 0x000001c3bd3cdee0 3504       1       org.codehaus.plexus.util.xml.pull.MXParser::getInputEncoding (5 bytes)
Event: 11.633 Thread 0x000001c3bd3cdee0 nmethod 3504 0x000001c3b029d190 code [0x000001c3b029d320, 0x000001c3b029d3f8]
Event: 11.640 Thread 0x000001c3c1f598b0 nmethod 3505 0x000001c3b029d490 code [0x000001c3b029d680, 0x000001c3b029dc48]
Event: 11.641 Thread 0x000001c3bd3cdee0 3506       3       java.util.regex.Pattern$BitClass::add (97 bytes)
Event: 11.642 Thread 0x000001c3bd3cdee0 nmethod 3506 0x000001c3a8cf9390 code [0x000001c3a8cf95e0, 0x000001c3a8cf9f38]

GC Heap History (6 events):
Event: 5.364 GC heap before
{Heap before GC invocations=0 (full 0):
 garbage-first heap   total 98304K, used 13312K [0x00000000a1000000, 0x0000000100000000)
  region size 1024K, 13 young (13312K), 0 survivors (0K)
 Metaspace       used 3968K, committed 4096K, reserved 1114112K
  class space    used 378K, committed 448K, reserved 1048576K
}
Event: 5.378 GC heap after
{Heap after GC invocations=1 (full 0):
 garbage-first heap   total 98304K, used 3704K [0x00000000a1000000, 0x0000000100000000)
  region size 1024K, 2 young (2048K), 2 survivors (2048K)
 Metaspace       used 3968K, committed 4096K, reserved 1114112K
  class space    used 378K, committed 448K, reserved 1048576K
}
Event: 6.539 GC heap before
{Heap before GC invocations=1 (full 0):
 garbage-first heap   total 98304K, used 17016K [0x00000000a1000000, 0x0000000100000000)
  region size 1024K, 15 young (15360K), 2 survivors (2048K)
 Metaspace       used 5886K, committed 6080K, reserved 1114112K
  class space    used 644K, committed 704K, reserved 1048576K
}
Event: 6.547 GC heap after
{Heap after GC invocations=2 (full 0):
 garbage-first heap   total 98304K, used 4596K [0x00000000a1000000, 0x0000000100000000)
  region size 1024K, 1 young (1024K), 1 survivors (1024K)
 Metaspace       used 5886K, committed 6080K, reserved 1114112K
  class space    used 644K, committed 704K, reserved 1048576K
}
Event: 8.952 GC heap before
{Heap before GC invocations=2 (full 0):
 garbage-first heap   total 98304K, used 34292K [0x00000000a1000000, 0x0000000100000000)
  region size 1024K, 30 young (30720K), 1 survivors (1024K)
 Metaspace       used 10942K, committed 11136K, reserved 1114112K
  class space    used 1270K, committed 1408K, reserved 1048576K
}
Event: 8.965 GC heap after
{Heap after GC invocations=3 (full 0):
 garbage-first heap   total 98304K, used 6573K [0x00000000a1000000, 0x0000000100000000)
  region size 1024K, 3 young (3072K), 3 survivors (3072K)
 Metaspace       used 10942K, committed 11136K, reserved 1114112K
  class space    used 1270K, committed 1408K, reserved 1048576K
}

Dll operation events (12 events):
Event: 0.087 Loaded shared library C:\Program Files\Java\jdk-19\bin\java.dll
Event: 0.293 Loaded shared library C:\Program Files\Java\jdk-19\bin\jsvml.dll
Event: 1.794 Loaded shared library C:\Program Files\Java\jdk-19\bin\zip.dll
Event: 1.821 Loaded shared library C:\Program Files\Java\jdk-19\bin\instrument.dll
Event: 1.880 Loaded shared library C:\Program Files\Java\jdk-19\bin\net.dll
Event: 1.892 Loaded shared library C:\Program Files\Java\jdk-19\bin\nio.dll
Event: 2.509 Loaded shared library C:\Program Files\Java\jdk-19\bin\zip.dll
Event: 2.576 Loaded shared library C:\Program Files\JetBrains\IntelliJ IDEA 2023.3.2\bin\breakgen64.dll
Event: 2.651 Loaded shared library C:\Program Files\Java\jdk-19\bin\extnet.dll
Event: 3.081 Loaded shared library C:\Program Files\Java\jdk-19\bin\jimage.dll
Event: 3.577 Loaded shared library C:\Users\inter\AppData\Local\Temp\jansi-2.4.0-da0846ba1d9a7bf9-jansi.dll
Event: 3.606 Loaded shared library C:\Program Files\Java\jdk-19\bin\verify.dll

Deoptimization events (20 events):
Event: 11.606 Thread 0x000001c3a06f21c0 Uncommon trap: trap_request=0xffffff45 fr.pc=0x000001c3b02544fc relative=0x000000000000221c
Event: 11.606 Thread 0x000001c3a06f21c0 Uncommon trap: reason=unstable_if action=reinterpret pc=0x000001c3b02544fc method=org.codehaus.plexus.util.xml.pull.MXParser.parseAttribute()C @ 995 c2
Event: 11.607 Thread 0x000001c3a06f21c0 DEOPT PACKING pc=0x000001c3b02544fc sp=0x000000258c7fce00
Event: 11.607 Thread 0x000001c3a06f21c0 DEOPT UNPACKING pc=0x000001c3afbd6da3 sp=0x000000258c7fcd88 mode 2
Event: 11.607 Thread 0x000001c3a06f21c0 Uncommon trap: trap_request=0xffffffde fr.pc=0x000001c3b0267ab0 relative=0x0000000000001750
Event: 11.607 Thread 0x000001c3a06f21c0 Uncommon trap: reason=class_check action=maybe_recompile pc=0x000001c3b0267ab0 method=java.nio.charset.CharsetDecoder.decode(Ljava/nio/ByteBuffer;Ljava/nio/CharBuffer;Z)Ljava/nio/charset/CoderResult; @ 57 c2
Event: 11.607 Thread 0x000001c3a06f21c0 DEOPT PACKING pc=0x000001c3b0267ab0 sp=0x000000258c7fcd20
Event: 11.607 Thread 0x000001c3a06f21c0 DEOPT UNPACKING pc=0x000001c3afbd6da3 sp=0x000000258c7fca48 mode 2
Event: 11.613 Thread 0x000001c3a06f21c0 Uncommon trap: trap_request=0xffffffde fr.pc=0x000001c3b0267ab0 relative=0x0000000000001750
Event: 11.613 Thread 0x000001c3a06f21c0 Uncommon trap: reason=class_check action=maybe_recompile pc=0x000001c3b0267ab0 method=java.nio.charset.CharsetDecoder.decode(Ljava/nio/ByteBuffer;Ljava/nio/CharBuffer;Z)Ljava/nio/charset/CoderResult; @ 57 c2
Event: 11.613 Thread 0x000001c3a06f21c0 DEOPT PACKING pc=0x000001c3b0267ab0 sp=0x000000258c7fcb90
Event: 11.613 Thread 0x000001c3a06f21c0 DEOPT UNPACKING pc=0x000001c3afbd6da3 sp=0x000000258c7fc8b8 mode 2
Event: 11.614 Thread 0x000001c3a06f21c0 Uncommon trap: trap_request=0xffffffde fr.pc=0x000001c3b0267ab0 relative=0x0000000000001750
Event: 11.614 Thread 0x000001c3a06f21c0 Uncommon trap: reason=class_check action=maybe_recompile pc=0x000001c3b0267ab0 method=java.nio.charset.CharsetDecoder.decode(Ljava/nio/ByteBuffer;Ljava/nio/CharBuffer;Z)Ljava/nio/charset/CoderResult; @ 57 c2
Event: 11.614 Thread 0x000001c3a06f21c0 DEOPT PACKING pc=0x000001c3b0267ab0 sp=0x000000258c7fc8d0
Event: 11.614 Thread 0x000001c3a06f21c0 DEOPT UNPACKING pc=0x000001c3afbd6da3 sp=0x000000258c7fc5f8 mode 2
Event: 11.614 Thread 0x000001c3a06f21c0 Uncommon trap: trap_request=0xffffffde fr.pc=0x000001c3b026ef20 relative=0x00000000000016e0
Event: 11.614 Thread 0x000001c3a06f21c0 Uncommon trap: reason=class_check action=maybe_recompile pc=0x000001c3b026ef20 method=java.nio.charset.CharsetDecoder.decode(Ljava/nio/ByteBuffer;Ljava/nio/CharBuffer;Z)Ljava/nio/charset/CoderResult; @ 57 c2
Event: 11.614 Thread 0x000001c3a06f21c0 DEOPT PACKING pc=0x000001c3b026ef20 sp=0x000000258c7fcaf0
Event: 11.614 Thread 0x000001c3a06f21c0 DEOPT UNPACKING pc=0x000001c3afbd6da3 sp=0x000000258c7fc8b0 mode 2

Classes loaded (20 events):
Event: 9.636 Loading class java/lang/Byte$ByteCache
Event: 9.636 Loading class java/lang/Byte$ByteCache done
Event: 9.648 Loading class sun/invoke/util/ValueConversions$1
Event: 9.649 Loading class sun/invoke/util/ValueConversions$1 done
Event: 9.651 Loading class java/lang/invoke/BoundMethodHandle$Species_LI
Event: 9.651 Loading class java/lang/invoke/BoundMethodHandle$Species_LI done
Event: 10.244 Loading class java/util/LinkedList$ListItr
Event: 10.245 Loading class java/util/LinkedList$ListItr done
Event: 10.251 Loading class java/util/concurrent/locks/ReentrantReadWriteLock$NonfairSync
Event: 10.252 Loading class java/util/concurrent/locks/ReentrantReadWriteLock$Sync
Event: 10.252 Loading class java/util/concurrent/locks/ReentrantReadWriteLock$Sync done
Event: 10.252 Loading class java/util/concurrent/locks/ReentrantReadWriteLock$NonfairSync done
Event: 10.253 Loading class java/util/concurrent/locks/ReentrantReadWriteLock$Sync$ThreadLocalHoldCounter
Event: 10.253 Loading class java/util/concurrent/locks/ReentrantReadWriteLock$Sync$ThreadLocalHoldCounter done
Event: 10.253 Loading class java/util/concurrent/locks/ReentrantReadWriteLock$ReadLock
Event: 10.254 Loading class java/util/concurrent/locks/ReentrantReadWriteLock$ReadLock done
Event: 10.254 Loading class java/util/concurrent/locks/ReentrantReadWriteLock$WriteLock
Event: 10.254 Loading class java/util/concurrent/locks/ReentrantReadWriteLock$WriteLock done
Event: 11.606 Loading class sun/nio/cs/ISO_8859_1$Decoder
Event: 11.606 Loading class sun/nio/cs/ISO_8859_1$Decoder done

Classes unloaded (0 events):
No events

Classes redefined (0 events):
No events

Internal exceptions (20 events):
Event: 8.639 Thread 0x000001c3a06f21c0 Exception <a 'java/lang/NoSuchMethodError'{0x00000000a540cc60}: 'void java.lang.invoke.Invokers$Holder.invokeExact_MT(java.lang.Object, java.lang.Object, java.lang.Object, java.lang.Object)'> (0x00000000a540cc60) 
thrown [s\open\src\hotspot\share\interpreter\linkResolver.cpp, line 774]
Event: 8.683 Thread 0x000001c3a06f21c0 Exception <a 'java/lang/NoClassDefFoundError'{0x00000000a5499608}: com/google/inject/servlet/ServletModuleTargetVisitor> (0x00000000a5499608) 
thrown [s\open\src\hotspot\share\classfile\systemDictionary.cpp, line 244]
Event: 8.805 Thread 0x000001c3a06f21c0 Exception <a 'java/lang/NoSuchMethodError'{0x00000000a537b1a0}: 'java.lang.Object java.lang.invoke.DirectMethodHandle$Holder.invokeStatic(java.lang.Object, java.lang.Object, int)'> (0x00000000a537b1a0) 
thrown [s\open\src\hotspot\share\interpreter\linkResolver.cpp, line 774]
Event: 8.806 Thread 0x000001c3a06f21c0 Exception <a 'java/lang/NoSuchMethodError'{0x00000000a5380428}: 'void java.lang.invoke.DirectMethodHandle$Holder.invokeStatic(java.lang.Object, java.lang.Object, int, java.lang.Object)'> (0x00000000a5380428) 
thrown [s\open\src\hotspot\share\interpreter\linkResolver.cpp, line 774]
Event: 8.807 Thread 0x000001c3a06f21c0 Exception <a 'java/lang/NoSuchMethodError'{0x00000000a5388638}: 'void java.lang.invoke.DelegatingMethodHandle$Holder.delegate(java.lang.Object, java.lang.Object, int, java.lang.Object)'> (0x00000000a5388638) 
thrown [s\open\src\hotspot\share\interpreter\linkResolver.cpp, line 774]
Event: 8.808 Thread 0x000001c3a06f21c0 Exception <a 'java/lang/NoSuchMethodError'{0x00000000a538cf18}: 'int java.lang.invoke.DirectMethodHandle$Holder.invokeSpecial(java.lang.Object, java.lang.Object, java.lang.Object)'> (0x00000000a538cf18) 
thrown [s\open\src\hotspot\share\interpreter\linkResolver.cpp, line 774]
Event: 8.929 Thread 0x000001c3a06f21c0 Exception <a 'java/lang/NoSuchMethodError'{0x00000000a52d3768}: 'java.lang.Object java.lang.invoke.DirectMethodHandle$Holder.newInvokeSpecial(java.lang.Object, java.lang.Object, java.lang.Object, java.lang.Object, java.lang.Object, java.lang.Object, java.lang.Object)'> (0x00000000a52d3768) 
thrown [s\open\src\hotspot\share\interpreter\linkResolver.cpp, line 774]
Event: 8.974 Thread 0x000001c3a06f21c0 Exception <a 'java/lang/NoSuchMethodError'{0x00000000a6f33750}: 'java.lang.Object java.lang.invoke.DirectMethodHandle$Holder.newInvokeSpecial(java.lang.Object, java.lang.Object, java.lang.Object, java.lang.Object, java.lang.Object, java.lang.Object, java.lang.Object, java.lang.Object, java.lang.Object)'> (0x00000000a6f33750) 
thrown [s\open\src\hotspot\share\interpreter\linkResolver.cpp, line 774]
Event: 9.028 Thread 0x000001c3a06f21c0 Exception <a 'java/lang/NoSuchMethodError'{0x00000000a6e09128}: 'java.lang.Object java.lang.invoke.DirectMethodHandle$Holder.newInvokeSpecial(java.lang.Object, java.lang.Object, java.lang.Object, java.lang.Object, java.lang.Object, java.lang.Object, java.lang.Object, java.lang.Object, java.lang.Object, java.lang.Object, java.lang.Object, java.lang.Object)'> (0x00000000a6e09128) 
thrown [s\open\src\hotspot\share\interpreter\linkResolver.cpp, line 774]
Event: 9.046 Thread 0x000001c3a06f21c0 Exception <a 'java/lang/NoSuchMethodError'{0x00000000a6e50de0}: 'java.lang.Object java.lang.invoke.DirectMethodHandle$Holder.invokeStatic(java.lang.Object, java.lang.Object, java.lang.Object, java.lang.Object, java.lang.Object, java.lang.Object, java.lang.Object, java.lang.Object, java.lang.Object, java.lang.Object, java.lang.Object, java.lang.Object, java.lang.Object)'> (0x00000000a6e50de0) 
thrown [s\open\src\hotspot\share\interpreter\linkResolver.cpp, line 774]
Event: 9.052 Thread 0x000001c3a06f21c0 Exception <a 'java/lang/NoSuchMethodError'{0x00000000a6e70a60}: 'java.lang.Object java.lang.invoke.DirectMethodHandle$Holder.invokeStatic(java.lang.Object, java.lang.Object, java.lang.Object, java.lang.Object, java.lang.Object, java.lang.Object, java.lang.Object, java.lang.Object, java.lang.Object, java.lang.Object, java.lang.Object, java.lang.Object, java.lang.Object, java.lang.Object)'> (0x00000000a6e70a60) 
thrown [s\open\src\hotspot\share\interpreter\linkResolver.cpp, line 774]
Event: 9.056 Thread 0x000001c3a06f21c0 Exception <a 'java/lang/NoSuchMethodError'{0x00000000a6e92160}: 'java.lang.Object java.lang.invoke.DirectMethodHandle$Holder.invokeStatic(java.lang.Object, java.lang.Object, java.lang.Object, java.lang.Object, java.lang.Object, java.lang.Object, java.lang.Object, java.lang.Object, java.lang.Object, java.lang.Object, java.lang.Object, java.lang.Object, java.lang.Object, java.lang.Object, java.lang.Object)'> (0x00000000a6e92160) 
thrown [s\open\src\hotspot\share\interpreter\linkResolver.cpp, line 774]
Event: 9.137 Thread 0x000001c3a06f21c0 Exception <a 'java/lang/NoSuchMethodError'{0x00000000a6d0ebd8}: 'java.lang.Object java.lang.invoke.DirectMethodHandle$Holder.invokeStaticInit(java.lang.Object, int, int, int, int)'> (0x00000000a6d0ebd8) 
thrown [s\open\src\hotspot\share\interpreter\linkResolver.cpp, line 774]
Event: 9.340 Thread 0x000001c3a06f21c0 Implicit null exception at 0x000001c3b01da7f2 to 0x000001c3b01dacd4
Event: 9.341 Thread 0x000001c3a06f21c0 Implicit null exception at 0x000001c3b01557f2 to 0x000001c3b0155cc8
Event: 9.395 Thread 0x000001c3a06f21c0 Implicit null exception at 0x000001c3b01a529e to 0x000001c3b01a5450
Event: 9.648 Thread 0x000001c3a06f21c0 Exception <a 'java/lang/NoSuchMethodError'{0x00000000a66de920}: 'void java.lang.invoke.DirectMethodHandle$Holder.invokeVirtual(java.lang.Object, java.lang.Object, int)'> (0x00000000a66de920) 
thrown [s\open\src\hotspot\share\interpreter\linkResolver.cpp, line 774]
Event: 9.650 Thread 0x000001c3a06f21c0 Exception <a 'java/lang/NoSuchMethodError'{0x00000000a66e2d38}: 'int java.lang.invoke.DirectMethodHandle$Holder.invokeSpecial(java.lang.Object, java.lang.Object, java.lang.Object, int)'> (0x00000000a66e2d38) 
thrown [s\open\src\hotspot\share\interpreter\linkResolver.cpp, line 774]
Event: 9.652 Thread 0x000001c3a06f21c0 Exception <a 'java/lang/NoSuchMethodError'{0x00000000a66f3140}: 'java.lang.Object java.lang.invoke.DirectMethodHandle$Holder.invokeStatic(java.lang.Object, java.lang.Object, java.lang.Object, java.lang.Object, int)'> (0x00000000a66f3140) 
thrown [s\open\src\hotspot\share\interpreter\linkResolver.cpp, line 774]
Event: 9.654 Thread 0x000001c3a06f21c0 Exception <a 'java/lang/NoSuchMethodError'{0x00000000a66fea00}: 'void java.lang.invoke.DelegatingMethodHandle$Holder.reinvoke_L(java.lang.Object, java.lang.Object, int)'> (0x00000000a66fea00) 
thrown [s\open\src\hotspot\share\interpreter\linkResolver.cpp, line 774]

VM Operations (20 events):
Event: 9.082 Executing VM operation: HandshakeAllThreads
Event: 9.082 Executing VM operation: HandshakeAllThreads done
Event: 9.180 Executing VM operation: HandshakeAllThreads
Event: 9.180 Executing VM operation: HandshakeAllThreads done
Event: 9.239 Executing VM operation: HandshakeAllThreads
Event: 9.239 Executing VM operation: HandshakeAllThreads done
Event: 9.306 Executing VM operation: HandshakeAllThreads
Event: 9.306 Executing VM operation: HandshakeAllThreads done
Event: 9.311 Executing VM operation: HandshakeAllThreads
Event: 9.311 Executing VM operation: HandshakeAllThreads done
Event: 9.713 Executing VM operation: ICBufferFull
Event: 9.714 Executing VM operation: ICBufferFull done
Event: 10.253 Executing VM operation: HandshakeAllThreads
Event: 10.253 Executing VM operation: HandshakeAllThreads done
Event: 10.253 Executing VM operation: HandshakeAllThreads
Event: 10.253 Executing VM operation: HandshakeAllThreads done
Event: 11.087 Executing VM operation: ICBufferFull
Event: 11.087 Executing VM operation: ICBufferFull done
Event: 11.551 Executing VM operation: HandshakeAllThreads
Event: 11.551 Executing VM operation: HandshakeAllThreads done

Events (14 events):
Event: 0.294 Thread 0x000001c3a06f21c0 Thread added: 0x000001c3a06f21c0
Event: 0.657 Thread 0x000001c3bd359e10 Thread added: 0x000001c3bd359e10
Event: 0.657 Thread 0x000001c3bd35aae0 Thread added: 0x000001c3bd35aae0
Event: 0.666 Thread 0x000001c3bd35d7c0 Thread added: 0x000001c3bd35d7c0
Event: 0.666 Thread 0x000001c3bd360200 Thread added: 0x000001c3bd360200
Event: 0.667 Thread 0x000001c3bd360b30 Thread added: 0x000001c3bd360b30
Event: 0.668 Thread 0x000001c3bd361460 Thread added: 0x000001c3bd361460
Event: 0.669 Thread 0x000001c3bd3640d0 Thread added: 0x000001c3bd3640d0
Event: 0.697 Thread 0x000001c3bd3cdee0 Thread added: 0x000001c3bd3cdee0
Event: 0.709 Thread 0x000001c3bd3d94b0 Thread added: 0x000001c3bd3d94b0
Event: 1.347 Thread 0x000001c3bd32bce0 Thread added: 0x000001c3bd32bce0
Event: 2.579 Thread 0x000001c3c16d0f10 Thread added: 0x000001c3c16d0f10
Event: 2.580 Thread 0x000001c3c16d1450 Thread added: 0x000001c3c16d1450
Event: 9.023 Thread 0x000001c3c1f598b0 Thread added: 0x000001c3c1f598b0


Dynamic libraries:
0x00007ff781310000 - 0x00007ff781320000 	C:\Program Files\Java\jdk-19\bin\java.exe
0x00007ffbe6a10000 - 0x00007ffbe6c27000 	C:\WINDOWS\SYSTEM32\ntdll.dll
0x00007ffbe60b0000 - 0x00007ffbe6174000 	C:\WINDOWS\System32\KERNEL32.DLL
0x00007ffbe41a0000 - 0x00007ffbe4546000 	C:\WINDOWS\System32\KERNELBASE.dll
0x00007ffbe3ec0000 - 0x00007ffbe3fd1000 	C:\WINDOWS\System32\ucrtbase.dll
0x00007ffbd1600000 - 0x00007ffbd1618000 	C:\Program Files\Java\jdk-19\bin\jli.dll
0x00007ffbe67a0000 - 0x00007ffbe6853000 	C:\WINDOWS\System32\ADVAPI32.dll
0x00007ffbe6600000 - 0x00007ffbe66a7000 	C:\WINDOWS\System32\msvcrt.dll
0x00007ffbe5450000 - 0x00007ffbe54f8000 	C:\WINDOWS\System32\sechost.dll
0x00007ffbe4550000 - 0x00007ffbe4578000 	C:\WINDOWS\System32\bcrypt.dll
0x00007ffbe6860000 - 0x00007ffbe6977000 	C:\WINDOWS\System32\RPCRT4.dll
0x00007ffbe5ef0000 - 0x00007ffbe609e000 	C:\WINDOWS\System32\USER32.dll
0x00007ffbe3fe0000 - 0x00007ffbe4006000 	C:\WINDOWS\System32\win32u.dll
0x00007ffbe5ec0000 - 0x00007ffbe5ee9000 	C:\WINDOWS\System32\GDI32.dll
0x00007ffbe4640000 - 0x00007ffbe4758000 	C:\WINDOWS\System32\gdi32full.dll
0x00007ffbe4090000 - 0x00007ffbe412a000 	C:\WINDOWS\System32\msvcp_win.dll
0x00007ffbd1540000 - 0x00007ffbd155b000 	C:\Program Files\Java\jdk-19\bin\VCRUNTIME140.dll
0x00007ffbc6c40000 - 0x00007ffbc6ed3000 	C:\WINDOWS\WinSxS\amd64_microsoft.windows.common-controls_6595b64144ccf1df_6.0.22621.2506_none_270c5ae97388e100\COMCTL32.dll
0x00007ffbda710000 - 0x00007ffbda71a000 	C:\WINDOWS\SYSTEM32\VERSION.dll
0x00007ffbe6990000 - 0x00007ffbe69c1000 	C:\WINDOWS\System32\IMM32.DLL
0x00007ffbd15f0000 - 0x00007ffbd15fc000 	C:\Program Files\Java\jdk-19\bin\vcruntime140_1.dll
0x00007ffbc2570000 - 0x00007ffbc25fe000 	C:\Program Files\Java\jdk-19\bin\msvcp140.dll
0x00007ffb3bbc0000 - 0x00007ffb3c880000 	C:\Program Files\Java\jdk-19\bin\server\jvm.dll
0x00007ffbc79c0000 - 0x00007ffbc79c9000 	C:\WINDOWS\SYSTEM32\WSOCK32.dll
0x00007ffbe66b0000 - 0x00007ffbe6721000 	C:\WINDOWS\System32\WS2_32.dll
0x00007ffbdc080000 - 0x00007ffbdc0b4000 	C:\WINDOWS\SYSTEM32\WINMM.dll
0x00007ffbe2d40000 - 0x00007ffbe2d58000 	C:\WINDOWS\SYSTEM32\kernel.appcore.dll
0x00007ffbd15c0000 - 0x00007ffbd15ca000 	C:\Program Files\Java\jdk-19\bin\jimage.dll
0x00007ffbd00c0000 - 0x00007ffbd02f3000 	C:\WINDOWS\SYSTEM32\DBGHELP.DLL
0x00007ffbe6270000 - 0x00007ffbe65f9000 	C:\WINDOWS\System32\combase.dll
0x00007ffbe4cd0000 - 0x00007ffbe4da7000 	C:\WINDOWS\System32\OLEAUT32.dll
0x00007ffbcfcb0000 - 0x00007ffbcfce2000 	C:\WINDOWS\SYSTEM32\dbgcore.DLL
0x00007ffbe4010000 - 0x00007ffbe408a000 	C:\WINDOWS\System32\bcryptPrimitives.dll
0x00007ffbe06c0000 - 0x00007ffbe06ce000 	C:\Program Files\Java\jdk-19\bin\instrument.dll
0x00007ffbc2f90000 - 0x00007ffbc2fb6000 	C:\Program Files\Java\jdk-19\bin\java.dll
0x00007ffbb8260000 - 0x00007ffbb8337000 	C:\Program Files\Java\jdk-19\bin\jsvml.dll
0x00007ffbe5530000 - 0x00007ffbe5d8a000 	C:\WINDOWS\System32\SHELL32.dll
0x00007ffbe1c50000 - 0x00007ffbe2546000 	C:\WINDOWS\SYSTEM32\windows.storage.dll
0x00007ffbe1b10000 - 0x00007ffbe1c4e000 	C:\WINDOWS\SYSTEM32\wintypes.dll
0x00007ffbe4ad0000 - 0x00007ffbe4bc3000 	C:\WINDOWS\System32\SHCORE.dll
0x00007ffbe6180000 - 0x00007ffbe61de000 	C:\WINDOWS\System32\shlwapi.dll
0x00007ffbe3c80000 - 0x00007ffbe3ca6000 	C:\WINDOWS\SYSTEM32\profapi.dll
0x00007ffbcd930000 - 0x00007ffbcd948000 	C:\Program Files\Java\jdk-19\bin\zip.dll
0x00007ffbd8720000 - 0x00007ffbd8733000 	C:\Program Files\Java\jdk-19\bin\net.dll
0x00007ffbdc0c0000 - 0x00007ffbdc1f7000 	C:\WINDOWS\SYSTEM32\WINHTTP.dll
0x00007ffbe31b0000 - 0x00007ffbe3219000 	C:\WINDOWS\system32\mswsock.dll
0x00007ffbd15d0000 - 0x00007ffbd15e6000 	C:\Program Files\Java\jdk-19\bin\nio.dll
0x00007ffbba590000 - 0x00007ffbba5aa000 	C:\Program Files\JetBrains\IntelliJ IDEA 2023.3.2\bin\breakgen64.dll
0x00007ffbd9a10000 - 0x00007ffbd9a18000 	C:\Program Files\Java\jdk-19\bin\extnet.dll
0x0000000069ac0000 - 0x0000000069ae4000 	C:\Users\inter\AppData\Local\Temp\jansi-2.4.0-da0846ba1d9a7bf9-jansi.dll
0x00007ffbd1530000 - 0x00007ffbd1540000 	C:\Program Files\Java\jdk-19\bin\verify.dll

dbghelp: loaded successfully - version: 4.0.5 - missing functions: none
symbol engine: initialized successfully - sym options: 0x614 - pdb path: .;C:\Program Files\Java\jdk-19\bin;C:\WINDOWS\SYSTEM32;C:\WINDOWS\WinSxS\amd64_microsoft.windows.common-controls_6595b64144ccf1df_6.0.22621.2506_none_270c5ae97388e100;C:\Program Files\Java\jdk-19\bin\server;C:\Program Files\JetBrains\IntelliJ IDEA 2023.3.2\bin;C:\Users\inter\AppData\Local\Temp

VM Arguments:
jvm_args: -Dmaven.multiModuleProjectDirectory=C:\Users\inter\Desktop\Back\M2IPROJECT-master -Djansi.passthrough=true -Dmaven.home=C:\Users\inter\.m2\wrapper\dists\apache-maven-3.8.6-bin\1ks0nkde5v1pk9vtc31i9d0lcd\apache-maven-3.8.6 -Dclassworlds.conf=C:\Users\inter\.m2\wrapper\dists\apache-maven-3.8.6-bin\1ks0nkde5v1pk9vtc31i9d0lcd\apache-maven-3.8.6\bin\m2.conf -Dmaven.ext.class.path=C:\Program Files\JetBrains\IntelliJ IDEA 2023.3.2\plugins\maven\lib\maven-event-listener.jar -javaagent:C:\Program Files\JetBrains\IntelliJ IDEA 2023.3.2\lib\idea_rt.jar=64414:C:\Program Files\JetBrains\IntelliJ IDEA 2023.3.2\bin -Dfile.encoding=UTF-8 -Dsun.stdout.encoding=UTF-8 -Dsun.stderr.encoding=UTF-8 
java_command: org.codehaus.classworlds.Launcher -Didea.version=2023.3.2 install
java_class_path (initial): C:\Users\inter\.m2\wrapper\dists\apache-maven-3.8.6-bin\1ks0nkde5v1pk9vtc31i9d0lcd\apache-maven-3.8.6\boot\plexus-classworlds-2.6.0.jar;C:\Users\inter\.m2\wrapper\dists\apache-maven-3.8.6-bin\1ks0nkde5v1pk9vtc31i9d0lcd\apache-maven-3.8.6\boot\plexus-classworlds.license
Launcher Type: SUN_STANDARD

[Global flags]
     intx CICompilerCount                          = 3                                         {product} {ergonomic}
     uint ConcGCThreads                            = 1                                         {product} {ergonomic}
     uint G1ConcRefinementThreads                  = 4                                         {product} {ergonomic}
   size_t G1HeapRegionSize                         = 1048576                                   {product} {ergonomic}
    uintx GCDrainStackTargetSize                   = 64                                        {product} {ergonomic}
   size_t InitialHeapSize                          = 100663296                                 {product} {ergonomic}
   size_t MarkStackSize                            = 4194304                                   {product} {ergonomic}
   size_t MaxHeapSize                              = 1593835520                                {product} {ergonomic}
   size_t MaxNewSize                               = 956301312                                 {product} {ergonomic}
   size_t MinHeapDeltaBytes                        = 1048576                                   {product} {ergonomic}
   size_t MinHeapSize                              = 8388608                                   {product} {ergonomic}
    uintx NonNMethodCodeHeapSize                   = 5832780                                {pd product} {ergonomic}
    uintx NonProfiledCodeHeapSize                  = 122912730                              {pd product} {ergonomic}
    uintx ProfiledCodeHeapSize                     = 122912730                              {pd product} {ergonomic}
    uintx ReservedCodeCacheSize                    = 251658240                              {pd product} {ergonomic}
     bool SegmentedCodeCache                       = true                                      {product} {ergonomic}
   size_t SoftMaxHeapSize                          = 1593835520                             {manageable} {ergonomic}
     bool UseCompressedClassPointers               = true                           {product lp64_product} {ergonomic}
     bool UseCompressedOops                        = true                           {product lp64_product} {ergonomic}
     bool UseG1GC                                  = true                                      {product} {ergonomic}
     bool UseLargePagesIndividualAllocation        = false                                  {pd product} {ergonomic}

Logging:
Log output configuration:
 #0: stdout all=warning uptime,level,tags foldmultilines=false
 #1: stderr all=off uptime,level,tags foldmultilines=false

Environment Variables:
PATH=C:\app\fatimazahra\product\11.2.0\dbhome_1\bin;C:\Program Files\Common Files\Oracle\Java\javapath;C:\Program Files (x86)\Common Files\Oracle\Java\javapath;C:\WINDOWS\system32;C:\WINDOWS;C:\WINDOWS\System32\Wbem;C:\WINDOWS\System32\WindowsPowerShell\v1.0\;C:\WINDOWS\System32\OpenSSH\;C:\Program Files\dotnet\;C:\Program Files\Git\cmd;C:\Program Files\Redis;C:\Program Files\nodejs\;C:\Program Files\Docker\Docker\resources\bin;C:\Program Files\MySQL\MySQL Shell 8.0\bin\;C:\Users\inter\AppData\Local\Programs\Python\Python312\Scripts\;C:\Users\inter\AppData\Local\Programs\Python\Python312\;C:\Users\inter\AppData\Local\Microsoft\WindowsApps;C:\Users\inter\AppData\Local\Programs\Microsoft VS Code\bin;C:\Users\inter\AppData\Roaming\npm;C:\Program Files\MySQL\MySQL Server 8.0\bin;
USERNAME=fatimazahra
OS=Windows_NT
PROCESSOR_IDENTIFIER=AMD64 Family 23 Model 24 Stepping 1, AuthenticAMD
TMP=C:\Users\inter\AppData\Local\Temp
TEMP=C:\Users\inter\AppData\Local\Temp



---------------  S Y S T E M  ---------------

OS:
 Windows 11 , 64 bit Build 22621 (10.0.22621.2506)
OS uptime: 1 days 2:06 hours
Hyper-V role detected

CPU: total 4 (initial active 4) (4 cores per cpu, 2 threads per core) family 23 model 24 stepping 1 microcode 0x0, cx8, cmov, fxsr, ht, mmx, 3dnowpref, sse, sse2, sse3, ssse3, sse4a, sse4.1, sse4.2, popcnt, lzcnt, tsc, tscinvbit, avx, avx2, aes, clmul, bmi1, bmi2, adx, sha, fma, vzeroupper, clflush, clflushopt, hv, rdtscp

Memory: 4k page, system-wide physical 6077M (357M free)
TotalPageFile size 24509M (AvailPageFile size 4M)
current process WorkingSet (physical memory assigned to process): 134M, peak: 134M
current process commit charge ("private bytes"): 206M, peak: 208M

vm_info: Java HotSpot(TM) 64-Bit Server VM (19+36-2238) for windows-amd64 JRE (19+36-2238), built on 2022-08-12T20:29:01Z by "mach5one" with MS VC++ 17.1 (VS2022)

END.
